0 info it worked if it ends with ok
1 verbose cli [ 'C:\\Program Files\\nodejs\\\\node.exe',
1 verbose cli   'C:\\Program Files\\nodejs\\node_modules\\npm\\bin\\npm-cli.js',
1 verbose cli   'run',
1 verbose cli   'watch' ]
2 info using npm@2.11.3
3 info using node@v0.12.7
4 verbose run-script [ 'prewatch', 'watch', 'postwatch' ]
5 info prewatch viewport@1.0.0
6 info watch viewport@1.0.0
7 verbose unsafe-perm in lifecycle true
8 info viewport@1.0.0 Failed to exec watch script
9 verbose stack Error: viewport@1.0.0 watch: `webpack --colors --progress -w`
9 verbose stack Exit status 1
9 verbose stack     at EventEmitter.<anonymous> (C:\Program Files\nodejs\node_modules\npm\lib\utils\lifecycle.js:213:16)
9 verbose stack     at EventEmitter.emit (events.js:110:17)
9 verbose stack     at ChildProcess.<anonymous> (C:\Program Files\nodejs\node_modules\npm\lib\utils\spawn.js:24:14)
9 verbose stack     at ChildProcess.emit (events.js:110:17)
9 verbose stack     at maybeClose (child_process.js:1015:16)
9 verbose stack     at Process.ChildProcess._handle.onexit (child_process.js:1087:5)
10 verbose pkgid viewport@1.0.0
11 verbose cwd C:\Users\bruno.joaquim\Desktop\viewport wegl
12 error Windows_NT 6.3.9600
13 error argv "C:\\Program Files\\nodejs\\\\node.exe" "C:\\Program Files\\nodejs\\node_modules\\npm\\bin\\npm-cli.js" "run" "watch"
14 error node v0.12.7
15 error npm  v2.11.3
16 error code ELIFECYCLE
17 error viewport@1.0.0 watch: `webpack --colors --progress -w`
17 error Exit status 1
18 error Failed at the viewport@1.0.0 watch script 'webpack --colors --progress -w'.
18 error This is most likely a problem with the viewport package,
18 error not with npm itself.
18 error Tell the author that this fails on your system:
18 error     webpack --colors --progress -w
18 error You can get their info via:
18 error     npm owner ls viewport
18 error There is likely additional logging output above.
19 verbose exit [ 1, true ]
